{"timestamp":"2025-08-05T15:13:17.309Z","level":"info","message":"Default endpoint probed.","status":200,"service":"jiran-tetangga-backend"}
{"timestamp":"2025-08-05T15:13:20.391Z","level":"info","message":"Get Admin User API is called at Tue Aug 05 2025 23:13:20 GMT+0800 (Malaysia Time)","status":200,"traceId":"37f5cbb1-0298-4978-9c61-0fbf86bef47b","module":"adminUsers","service":"jiran-tetangga-backend","apiName":"Get Admin User API"}
{"timestamp":"2025-08-05T15:13:20.393Z","level":"error","message":"Bad request: adminUserId must be a valid ObjectId.","status":400,"traceId":"37f5cbb1-0298-4978-9c61-0fbf86bef47b","module":"adminUsers","service":"jiran-tetangga-backend","apiName":"Get Admin User API"}
{"timestamp":"2025-08-05T15:13:25.197Z","level":"info","message":"Get Admin User API is called at Tue Aug 05 2025 23:13:25 GMT+0800 (Malaysia Time)","status":200,"traceId":"37f5cbb1-0298-4978-9c61-0fbf86bef47b","module":"adminUsers","service":"jiran-tetangga-backend","apiName":"Get Admin User API"}
{"timestamp":"2025-08-05T15:13:25.214Z","level":"info","message":"Response Success.","status":200,"traceId":"37f5cbb1-0298-4978-9c61-0fbf86bef47b","module":"adminUsers","service":"jiran-tetangga-backend","data":{"_id":"685fbecb335bdc41ca63fa4a","firstName":"Muhammad Ehsan","lastName":"Imran","createdAt":"2025-06-28T10:07:07.985Z"},"apiName":"Get Admin User API"}
{"timestamp":"2025-08-05T15:13:29.037Z","level":"info","message":"Get Admin User API is called at Tue Aug 05 2025 23:13:29 GMT+0800 (Malaysia Time)","status":200,"traceId":"37f5cbb1-0298-4978-9c61-0fbf86bef47b","module":"adminUsers","service":"jiran-tetangga-backend","apiName":"Get Admin User API"}
{"timestamp":"2025-08-05T15:13:29.041Z","level":"error","message":"Bad request: adminUserId must be a valid ObjectId.","status":400,"traceId":"37f5cbb1-0298-4978-9c61-0fbf86bef47b","module":"adminUsers","service":"jiran-tetangga-backend","apiName":"Get Admin User API"}
{"timestamp":"2025-08-05T15:13:34.230Z","level":"info","message":"Get Admin User API is called at Tue Aug 05 2025 23:13:34 GMT+0800 (Malaysia Time)","status":200,"traceId":"37f5cbb1-0298-4978-9c61-0fbf86bef47b","module":"adminUsers","service":"jiran-tetangga-backend","apiName":"Get Admin User API"}
{"timestamp":"2025-08-05T15:13:34.235Z","level":"error","message":"Admin user not found","status":404,"traceId":"37f5cbb1-0298-4978-9c61-0fbf86bef47b","module":"adminUsers","service":"jiran-tetangga-backend","apiName":"Get Admin User API"}
{"timestamp":"2025-08-05T15:14:53.798Z","level":"info","message":"Get Admin User API is called at Tue Aug 05 2025 23:14:53 GMT+0800 (Malaysia Time)","status":200,"traceId":"37f5cbb1-0298-4978-9c61-0fbf86bef47b","module":"adminUsers","service":"jiran-tetangga-backend","apiName":"Get Admin User API"}
{"timestamp":"2025-08-05T15:14:53.799Z","level":"error","message":"Bad request: adminUserId must be a valid ObjectId.","status":400,"traceId":"37f5cbb1-0298-4978-9c61-0fbf86bef47b","module":"adminUsers","service":"jiran-tetangga-backend","apiName":"Get Admin User API"}
{"timestamp":"2025-08-05T15:15:36.942Z","level":"info","message":"Default endpoint probed.","status":200,"service":"jiran-tetangga-backend"}
{"timestamp":"2025-08-05T15:15:38.983Z","level":"info","message":"Get Admin User API is called at Tue Aug 05 2025 23:15:38 GMT+0800 (Malaysia Time)","status":200,"traceId":"f4a32e13-d8f8-4c16-ac83-2444812dcd22","module":"adminUsers","service":"jiran-tetangga-backend","apiName":"Get Admin User API"}
{"timestamp":"2025-08-05T15:15:38.986Z","level":"error","message":"Bad request: adminUserId must be a valid ObjectId.","status":400,"traceId":"f4a32e13-d8f8-4c16-ac83-2444812dcd22","module":"adminUsers","service":"jiran-tetangga-backend","apiName":"Get Admin User API"}
{"timestamp":"2025-08-05T15:15:43.365Z","level":"info","message":"Get Admin User API is called at Tue Aug 05 2025 23:15:43 GMT+0800 (Malaysia Time)","status":200,"traceId":"f4a32e13-d8f8-4c16-ac83-2444812dcd22","module":"adminUsers","service":"jiran-tetangga-backend","apiName":"Get Admin User API"}
{"timestamp":"2025-08-05T15:15:43.366Z","level":"error","message":"Bad request: adminUserId must be a valid ObjectId.","status":400,"traceId":"f4a32e13-d8f8-4c16-ac83-2444812dcd22","module":"adminUsers","service":"jiran-tetangga-backend","apiName":"Get Admin User API"}
{"timestamp":"2025-08-05T15:15:45.299Z","level":"info","message":"Get Admin User API is called at Tue Aug 05 2025 23:15:45 GMT+0800 (Malaysia Time)","status":200,"traceId":"f4a32e13-d8f8-4c16-ac83-2444812dcd22","module":"adminUsers","service":"jiran-tetangga-backend","apiName":"Get Admin User API"}
{"timestamp":"2025-08-05T15:15:45.300Z","level":"error","message":"Bad request: adminUserId must be a valid ObjectId.","status":400,"traceId":"f4a32e13-d8f8-4c16-ac83-2444812dcd22","module":"adminUsers","service":"jiran-tetangga-backend","apiName":"Get Admin User API"}
{"timestamp":"2025-08-05T15:15:53.391Z","level":"info","message":"Get Admin User API is called at Tue Aug 05 2025 23:15:53 GMT+0800 (Malaysia Time)","status":200,"traceId":"f4a32e13-d8f8-4c16-ac83-2444812dcd22","module":"adminUsers","service":"jiran-tetangga-backend","apiName":"Get Admin User API"}
{"timestamp":"2025-08-05T15:15:53.393Z","level":"error","message":"Bad request: adminUserId must be a valid ObjectId.","status":400,"traceId":"f4a32e13-d8f8-4c16-ac83-2444812dcd22","module":"adminUsers","service":"jiran-tetangga-backend","apiName":"Get Admin User API"}
{"timestamp":"2025-08-05T15:16:02.919Z","level":"info","message":"Get Admin User API is called at Tue Aug 05 2025 23:16:02 GMT+0800 (Malaysia Time)","status":200,"traceId":"f4a32e13-d8f8-4c16-ac83-2444812dcd22","module":"adminUsers","service":"jiran-tetangga-backend","apiName":"Get Admin User API"}
{"timestamp":"2025-08-05T15:16:02.939Z","level":"info","message":"Response Success.","status":200,"traceId":"f4a32e13-d8f8-4c16-ac83-2444812dcd22","module":"adminUsers","service":"jiran-tetangga-backend","data":{"_id":"685fbecb335bdc41ca63fa4a","firstName":"Muhammad Ehsan","lastName":"Imran","createdAt":"2025-06-28T10:07:07.985Z"},"apiName":"Get Admin User API"}
{"timestamp":"2025-08-05T15:17:18.683Z","level":"info","message":"Get Admin User API is called at Tue Aug 05 2025 23:17:18 GMT+0800 (Malaysia Time)","status":200,"traceId":"f4a32e13-d8f8-4c16-ac83-2444812dcd22","module":"adminUsers","service":"jiran-tetangga-backend","apiName":"Get Admin User API"}
{"timestamp":"2025-08-05T15:17:18.685Z","level":"error","message":"Admin user not found","status":404,"traceId":"f4a32e13-d8f8-4c16-ac83-2444812dcd22","module":"adminUsers","service":"jiran-tetangga-backend","apiName":"Get Admin User API"}
